# JRE version: Java(TM) SE Runtime Environment (17.0.8+9) (build 17.0.8+9-LTS-211)
# Java VM: Java HotSpot(TM) 64-Bit Server VM (17.0.8+9-LTS-211, mixed mode, sharing, tiered, compressed oops, compressed class ptrs, g1 gc, windows-amd64)
GC Precious Log:
 CPUs: 4 total, 4 available
 Memory: 3990M
 Large Page Support: Disabled
 NUMA Support: Disabled
 Compressed Oops: Enabled (32-bit)
 Heap Region Size: 1M
 Heap Min Capacity: 8M
 Heap Initial Capacity: 64M
 Heap Max Capacity: 998M
 Pre-touch: Disabled
 Parallel Workers: 4
 Concurrent Workers: 1
 Concurrent Refinement Workers: 4
 Periodic GC: Disabled
Heap:
 garbage-first heap   total 86016K, used 47681K [0x00000000c1a00000, 0x0000000100000000)
  region size 1024K, 31 young (31744K), 3 survivors (3072K)
 Metaspace       used 19446K, committed 19776K, reserved 1114112K
  class space    used 2206K, committed 2368K, reserved 1048576K
GC Heap History (18 events):
Event: 1.002 GC heap before
{Heap before GC invocations=0 (full 0):
 garbage-first heap   total 65536K, used 13312K [0x00000000c1a00000, 0x0000000100000000)
  region size 1024K, 13 young (13312K), 0 survivors (0K)
 Metaspace       used 3701K, committed 3904K, reserved 1114112K
  class space    used 406K, committed 512K, reserved 1048576K
}
Event: 1.012 GC heap after
{Heap after GC invocations=1 (full 0):
 garbage-first heap   total 65536K, used 3152K [0x00000000c1a00000, 0x0000000100000000)
  region size 1024K, 2 young (2048K), 2 survivors (2048K)
 Metaspace       used 3701K, committed 3904K, reserved 1114112K
  class space    used 406K, committed 512K, reserved 1048576K
}
Event: 1.360 GC heap before
{Heap before GC invocations=1 (full 0):
 garbage-first heap   total 65536K, used 15440K [0x00000000c1a00000, 0x0000000100000000)
  region size 1024K, 14 young (14336K), 2 survivors (2048K)
 Metaspace       used 5582K, committed 5760K, reserved 1114112K
  class space    used 682K, committed 768K, reserved 1048576K
}
Event: 1.366 GC heap after
{Heap after GC invocations=2 (full 0):
 garbage-first heap   total 65536K, used 3872K [0x00000000c1a00000, 0x0000000100000000)
  region size 1024K, 1 young (1024K), 1 survivors (1024K)
 Metaspace       used 5582K, committed 5760K, reserved 1114112K
  class space    used 682K, committed 768K, reserved 1048576K
}
Event: 2.250 GC heap before
{Heap before GC invocations=2 (full 0):
 garbage-first heap   total 65536K, used 28448K [0x00000000c1a00000, 0x0000000100000000)
  region size 1024K, 26 young (26624K), 1 survivors (1024K)
 Metaspace       used 9392K, committed 9600K, reserved 1114112K
  class space    used 1139K, committed 1216K, reserved 1048576K
}
Event: 2.256 GC heap after
{Heap after GC invocations=3 (full 0):
 garbage-first heap   total 65536K, used 5115K [0x00000000c1a00000, 0x0000000100000000)
  region size 1024K, 2 young (2048K), 2 survivors (2048K)
 Metaspace       used 9392K, committed 9600K, reserved 1114112K
  class space    used 1139K, committed 1216K, reserved 1048576K
}
Event: 4.187 GC heap before
{Heap before GC invocations=3 (full 0):
 garbage-first heap   total 65536K, used 41979K [0x00000000c1a00000, 0x0000000100000000)
  region size 1024K, 38 young (38912K), 2 survivors (2048K)
 Metaspace       used 14847K, committed 15040K, reserved 1114112K
  class space    used 1793K, committed 1856K, reserved 1048576K
}
Event: 4.207 GC heap after
{Heap after GC invocations=4 (full 0):
 garbage-first heap   total 65536K, used 9127K [0x00000000c1a00000, 0x0000000100000000)
  region size 1024K, 5 young (5120K), 5 survivors (5120K)
 Metaspace       used 14847K, committed 15040K, reserved 1114112K
  class space    used 1793K, committed 1856K, reserved 1048576K
}
Event: 5.379 GC heap before
{Heap before GC invocations=4 (full 0):
 garbage-first heap   total 65536K, used 42919K [0x00000000c1a00000, 0x0000000100000000)
  region size 1024K, 38 young (38912K), 5 survivors (5120K)
 Metaspace       used 15622K, committed 15808K, reserved 1114112K
  class space    used 1857K, committed 1920K, reserved 1048576K
}
Event: 5.404 GC heap after
{Heap after GC invocations=5 (full 0):
 garbage-first heap   total 65536K, used 13480K [0x00000000c1a00000, 0x0000000100000000)
  region size 1024K, 5 young (5120K), 5 survivors (5120K)
 Metaspace       used 15622K, committed 15808K, reserved 1114112K
  class space    used 1857K, committed 1920K, reserved 1048576K
}
Event: 6.402 GC heap before
{Heap before GC invocations=5 (full 0):
 garbage-first heap   total 65536K, used 45224K [0x00000000c1a00000, 0x0000000100000000)
  region size 1024K, 36 young (36864K), 5 survivors (5120K)
 Metaspace       used 15949K, committed 16128K, reserved 1114112K
  class space    used 1862K, committed 1920K, reserved 1048576K
}
Event: 6.418 GC heap after
{Heap after GC invocations=6 (full 0):
 garbage-first heap   total 65536K, used 15140K [0x00000000c1a00000, 0x0000000100000000)
  region size 1024K, 2 young (2048K), 2 survivors (2048K)
 Metaspace       used 15949K, committed 16128K, reserved 1114112K
  class space    used 1862K, committed 1920K, reserved 1048576K
}
Event: 7.539 GC heap before
{Heap before GC invocations=6 (full 0):
 garbage-first heap   total 65536K, used 49956K [0x00000000c1a00000, 0x0000000100000000)
  region size 1024K, 29 young (29696K), 2 survivors (2048K)
 Metaspace       used 17178K, committed 17472K, reserved 1114112K
  class space    used 1993K, committed 2112K, reserved 1048576K
}
Event: 7.549 GC heap after
{Heap after GC invocations=7 (full 0):
 garbage-first heap   total 78848K, used 24576K [0x00000000c1a00000, 0x0000000100000000)
  region size 1024K, 3 young (3072K), 3 survivors (3072K)
 Metaspace       used 17178K, committed 17472K, reserved 1114112K
  class space    used 1993K, committed 2112K, reserved 1048576K
}
Event: 7.552 GC heap before
{Heap before GC invocations=7 (full 0):
 garbage-first heap   total 78848K, used 36864K [0x00000000c1a00000, 0x0000000100000000)
  region size 1024K, 4 young (4096K), 3 survivors (3072K)
 Metaspace       used 17178K, committed 17472K, reserved 1114112K
  class space    used 1993K, committed 2112K, reserved 1048576K
}
Event: 7.558 GC heap after
{Heap after GC invocations=8 (full 0):
 garbage-first heap   total 78848K, used 36960K [0x00000000c1a00000, 0x0000000100000000)
  region size 1024K, 2 young (2048K), 2 survivors (2048K)
 Metaspace       used 17178K, committed 17472K, reserved 1114112K
  class space    used 1993K, committed 2112K, reserved 1048576K
}
Event: 9.131 GC heap before
{Heap before GC invocations=9 (full 0):
 garbage-first heap   total 86016K, used 74848K [0x00000000c1a00000, 0x0000000100000000)
  region size 1024K, 27 young (27648K), 2 survivors (2048K)
 Metaspace       used 18113K, committed 18432K, reserved 1114112K
  class space    used 2079K, committed 2240K, reserved 1048576K
}
Event: 9.139 GC heap after
{Heap after GC invocations=10 (full 0):
 garbage-first heap   total 86016K, used 17985K [0x00000000c1a00000, 0x0000000100000000)
  region size 1024K, 3 young (3072K), 3 survivors (3072K)
 Metaspace       used 18113K, committed 18432K, reserved 1114112K
  class space    used 2079K, committed 2240K, reserved 1048576K
}

