# JRE version: OpenJDK Runtime Environment Temurin-21.0.8+9 (21.0.8+9) (build 21.0.8+9-LTS)
# Java VM: OpenJDK 64-Bit Server VM Temurin-21.0.8+9 (21.0.8+9-LTS, mixed mode, sharing, tiered, compressed oops, compressed class ptrs, parallel gc, windows-amd64)
GC Precious Log:
 CardTable entry size: 512
 CPUs: 4 total, 4 available
 Memory: 3990M
 Large Page Support: Disabled
 NUMA Support: Disabled
 Compressed Oops: Enabled (32-bit)
 Alignments: Space 512K, Generation 512K, Heap 2M
 Heap Min Capacity: 100M
 Heap Initial Capacity: 100M
 Heap Max Capacity: 2G
 Pre-touch: Disabled
 Parallel Workers: 4
Heap:
 PSYoungGen      total 3584K, used 1719K [0x00000000d5580000, 0x00000000d5b80000, 0x0000000100000000)
  eden space 3072K, 39% used [0x00000000d5580000,0x00000000d56b23d0,0x00000000d5880000)
  from space 512K, 96% used [0x00000000d5880000,0x00000000d58fbb90,0x00000000d5900000)
  to   space 1024K, 0% used [0x00000000d5a80000,0x00000000d5a80000,0x00000000d5b80000)
 ParOldGen       total 1193472K, used 1192966K [0x0000000080000000, 0x00000000c8d80000, 0x00000000d5580000)
  object space 1193472K, 99% used [0x0000000080000000,0x00000000c8d01a18,0x00000000c8d80000)
 Metaspace       used 90417K, committed 92288K, reserved 1179648K
  class space    used 9050K, committed 9920K, reserved 1048576K
GC Heap History (20 events):
Event: 2398.520 GC heap before
{Heap before GC invocations=1837 (full 5):
 PSYoungGen      total 2048K, used 1867K [0x00000000d5580000, 0x00000000d5a80000, 0x0000000100000000)
  eden space 1536K, 99% used [0x00000000d5580000,0x00000000d56ffff0,0x00000000d5700000)
  from space 512K, 64% used [0x00000000d5700000,0x00000000d5752dc0,0x00000000d5780000)
  to   space 1536K, 0% used [0x00000000d5900000,0x00000000d5900000,0x00000000d5a80000)
 ParOldGen       total 1189888K, used 1189404K [0x0000000080000000, 0x00000000c8a00000, 0x00000000d5580000)
  object space 1189888K, 99% used [0x0000000080000000,0x00000000c8987138,0x00000000c8a00000)
 Metaspace       used 90391K, committed 92288K, reserved 1179648K
  class space    used 9050K, committed 9920K, reserved 1048576K
}
Event: 2398.532 GC heap after
{Heap after GC invocations=1837 (full 5):
 PSYoungGen      total 3072K, used 619K [0x00000000d5580000, 0x00000000d5a00000, 0x0000000100000000)
  eden space 2048K, 0% used [0x00000000d5580000,0x00000000d5580000,0x00000000d5780000)
  from space 1024K, 60% used [0x00000000d5900000,0x00000000d599ad80,0x00000000d5a00000)
  to   space 1024K, 0% used [0x00000000d5800000,0x00000000d5800000,0x00000000d5900000)
 ParOldGen       total 1189888K, used 1189651K [0x0000000080000000, 0x00000000c8a00000, 0x00000000d5580000)
  object space 1189888K, 99% used [0x0000000080000000,0x00000000c89c4f40,0x00000000c8a00000)
 Metaspace       used 90391K, committed 92288K, reserved 1179648K
  class space    used 9050K, committed 9920K, reserved 1048576K
}
Event: 2398.571 GC heap before
{Heap before GC invocations=1838 (full 5):
 PSYoungGen      total 3072K, used 2662K [0x00000000d5580000, 0x00000000d5a00000, 0x0000000100000000)
  eden space 2048K, 99% used [0x00000000d5580000,0x00000000d577ea98,0x00000000d5780000)
  from space 1024K, 60% used [0x00000000d5900000,0x00000000d599ad80,0x00000000d5a00000)
  to   space 1024K, 0% used [0x00000000d5800000,0x00000000d5800000,0x00000000d5900000)
 ParOldGen       total 1189888K, used 1189651K [0x0000000080000000, 0x00000000c8a00000, 0x00000000d5580000)
  object space 1189888K, 99% used [0x0000000080000000,0x00000000c89c4f40,0x00000000c8a00000)
 Metaspace       used 90391K, committed 92288K, reserved 1179648K
  class space    used 9050K, committed 9920K, reserved 1048576K
}
Event: 2398.576 GC heap after
{Heap after GC invocations=1838 (full 5):
 PSYoungGen      total 3584K, used 384K [0x00000000d5580000, 0x00000000d5980000, 0x0000000100000000)
  eden space 2560K, 0% used [0x00000000d5580000,0x00000000d5580000,0x00000000d5800000)
  from space 1024K, 37% used [0x00000000d5800000,0x00000000d5860000,0x00000000d5900000)
  to   space 512K, 0% used [0x00000000d5900000,0x00000000d5900000,0x00000000d5980000)
 ParOldGen       total 1190400K, used 1190117K [0x0000000080000000, 0x00000000c8a80000, 0x00000000d5580000)
  object space 1190400K, 99% used [0x0000000080000000,0x00000000c8a39450,0x00000000c8a80000)
 Metaspace       used 90391K, committed 92288K, reserved 1179648K
  class space    used 9050K, committed 9920K, reserved 1048576K
}
Event: 2398.619 GC heap before
{Heap before GC invocations=1839 (full 5):
 PSYoungGen      total 3584K, used 2944K [0x00000000d5580000, 0x00000000d5980000, 0x0000000100000000)
  eden space 2560K, 100% used [0x00000000d5580000,0x00000000d5800000,0x00000000d5800000)
  from space 1024K, 37% used [0x00000000d5800000,0x00000000d5860000,0x00000000d5900000)
  to   space 512K, 0% used [0x00000000d5900000,0x00000000d5900000,0x00000000d5980000)
 ParOldGen       total 1190400K, used 1190117K [0x0000000080000000, 0x00000000c8a80000, 0x00000000d5580000)
  object space 1190400K, 99% used [0x0000000080000000,0x00000000c8a39450,0x00000000c8a80000)
 Metaspace       used 90391K, committed 92288K, reserved 1179648K
  class space    used 9050K, committed 9920K, reserved 1048576K
}
Event: 2398.633 GC heap after
{Heap after GC invocations=1839 (full 5):
 PSYoungGen      total 3584K, used 400K [0x00000000d5580000, 0x00000000d5980000, 0x0000000100000000)
  eden space 3072K, 0% used [0x00000000d5580000,0x00000000d5580000,0x00000000d5880000)
  from space 512K, 78% used [0x00000000d5900000,0x00000000d5964010,0x00000000d5980000)
  to   space 512K, 0% used [0x00000000d5880000,0x00000000d5880000,0x00000000d5900000)
 ParOldGen       total 1190912K, used 1190450K [0x0000000080000000, 0x00000000c8b00000, 0x00000000d5580000)
  object space 1190912K, 99% used [0x0000000080000000,0x00000000c8a8c970,0x00000000c8b00000)
 Metaspace       used 90391K, committed 92288K, reserved 1179648K
  class space    used 9050K, committed 9920K, reserved 1048576K
}
Event: 2398.658 GC heap before
{Heap before GC invocations=1840 (full 5):
 PSYoungGen      total 3584K, used 3472K [0x00000000d5580000, 0x00000000d5980000, 0x0000000100000000)
  eden space 3072K, 100% used [0x00000000d5580000,0x00000000d5880000,0x00000000d5880000)
  from space 512K, 78% used [0x00000000d5900000,0x00000000d5964010,0x00000000d5980000)
  to   space 512K, 0% used [0x00000000d5880000,0x00000000d5880000,0x00000000d5900000)
 ParOldGen       total 1190912K, used 1190450K [0x0000000080000000, 0x00000000c8b00000, 0x00000000d5580000)
  object space 1190912K, 99% used [0x0000000080000000,0x00000000c8a8c970,0x00000000c8b00000)
 Metaspace       used 90391K, committed 92288K, reserved 1179648K
  class space    used 9050K, committed 9920K, reserved 1048576K
}
Event: 2398.662 GC heap after
{Heap after GC invocations=1840 (full 5):
 PSYoungGen      total 3584K, used 320K [0x00000000d5580000, 0x00000000d5980000, 0x0000000100000000)
  eden space 3072K, 0% used [0x00000000d5580000,0x00000000d5580000,0x00000000d5880000)
  from space 512K, 62% used [0x00000000d5880000,0x00000000d58d0000,0x00000000d5900000)
  to   space 512K, 0% used [0x00000000d5900000,0x00000000d5900000,0x00000000d5980000)
 ParOldGen       total 1190912K, used 1190750K [0x0000000080000000, 0x00000000c8b00000, 0x00000000d5580000)
  object space 1190912K, 99% used [0x0000000080000000,0x00000000c8ad7a30,0x00000000c8b00000)
 Metaspace       used 90391K, committed 92288K, reserved 1179648K
  class space    used 9050K, committed 9920K, reserved 1048576K
}
Event: 2398.715 GC heap before
{Heap before GC invocations=1841 (full 5):
 PSYoungGen      total 3584K, used 3392K [0x00000000d5580000, 0x00000000d5980000, 0x0000000100000000)
  eden space 3072K, 100% used [0x00000000d5580000,0x00000000d5880000,0x00000000d5880000)
  from space 512K, 62% used [0x00000000d5880000,0x00000000d58d0000,0x00000000d5900000)
  to   space 512K, 0% used [0x00000000d5900000,0x00000000d5900000,0x00000000d5980000)
 ParOldGen       total 1190912K, used 1190750K [0x0000000080000000, 0x00000000c8b00000, 0x00000000d5580000)
  object space 1190912K, 99% used [0x0000000080000000,0x00000000c8ad7a30,0x00000000c8b00000)
 Metaspace       used 90406K, committed 92288K, reserved 1179648K
  class space    used 9050K, committed 9920K, reserved 1048576K
}
Event: 2398.723 GC heap after
{Heap after GC invocations=1841 (full 5):
 PSYoungGen      total 3072K, used 512K [0x00000000d5580000, 0x00000000d5a80000, 0x0000000100000000)
  eden space 2560K, 0% used [0x00000000d5580000,0x00000000d5580000,0x00000000d5800000)
  from space 512K, 100% used [0x00000000d5900000,0x00000000d5980000,0x00000000d5980000)
  to   space 1024K, 0% used [0x00000000d5800000,0x00000000d5800000,0x00000000d5900000)
 ParOldGen       total 1191424K, used 1191090K [0x0000000080000000, 0x00000000c8b80000, 0x00000000d5580000)
  object space 1191424K, 99% used [0x0000000080000000,0x00000000c8b2ca30,0x00000000c8b80000)
 Metaspace       used 90406K, committed 92288K, reserved 1179648K
  class space    used 9050K, committed 9920K, reserved 1048576K
}
Event: 2398.789 GC heap before
{Heap before GC invocations=1842 (full 5):
 PSYoungGen      total 3072K, used 3072K [0x00000000d5580000, 0x00000000d5a80000, 0x0000000100000000)
  eden space 2560K, 100% used [0x00000000d5580000,0x00000000d5800000,0x00000000d5800000)
  from space 512K, 100% used [0x00000000d5900000,0x00000000d5980000,0x00000000d5980000)
  to   space 1024K, 0% used [0x00000000d5800000,0x00000000d5800000,0x00000000d5900000)
 ParOldGen       total 1191424K, used 1191090K [0x0000000080000000, 0x00000000c8b80000, 0x00000000d5580000)
  object space 1191424K, 99% used [0x0000000080000000,0x00000000c8b2ca30,0x00000000c8b80000)
 Metaspace       used 90407K, committed 92288K, reserved 1179648K
  class space    used 9050K, committed 9920K, reserved 1048576K
}
Event: 2398.797 GC heap after
{Heap after GC invocations=1842 (full 5):
 PSYoungGen      total 3584K, used 623K [0x00000000d5580000, 0x00000000d5a00000, 0x0000000100000000)
  eden space 2560K, 0% used [0x00000000d5580000,0x00000000d5580000,0x00000000d5800000)
  from space 1024K, 60% used [0x00000000d5800000,0x00000000d589bfd0,0x00000000d5900000)
  to   space 1024K, 0% used [0x00000000d5900000,0x00000000d5900000,0x00000000d5a00000)
 ParOldGen       total 1191936K, used 1191554K [0x0000000080000000, 0x00000000c8c00000, 0x00000000d5580000)
  object space 1191936K, 99% used [0x0000000080000000,0x00000000c8ba0988,0x00000000c8c00000)
 Metaspace       used 90407K, committed 92288K, reserved 1179648K
  class space    used 9050K, committed 9920K, reserved 1048576K
}
Event: 2398.841 GC heap before
{Heap before GC invocations=1843 (full 5):
 PSYoungGen      total 3584K, used 3183K [0x00000000d5580000, 0x00000000d5a00000, 0x0000000100000000)
  eden space 2560K, 100% used [0x00000000d5580000,0x00000000d5800000,0x00000000d5800000)
  from space 1024K, 60% used [0x00000000d5800000,0x00000000d589bfd0,0x00000000d5900000)
  to   space 1024K, 0% used [0x00000000d5900000,0x00000000d5900000,0x00000000d5a00000)
 ParOldGen       total 1191936K, used 1191554K [0x0000000080000000, 0x00000000c8c00000, 0x00000000d5580000)
  object space 1191936K, 99% used [0x0000000080000000,0x00000000c8ba0988,0x00000000c8c00000)
 Metaspace       used 90407K, committed 92288K, reserved 1179648K
  class space    used 9050K, committed 9920K, reserved 1048576K
}
Event: 2398.845 GC heap after
{Heap after GC invocations=1843 (full 5):
 PSYoungGen      total 3584K, used 432K [0x00000000d5580000, 0x00000000d5a00000, 0x0000000100000000)
  eden space 2560K, 0% used [0x00000000d5580000,0x00000000d5580000,0x00000000d5800000)
  from space 1024K, 42% used [0x00000000d5900000,0x00000000d596c010,0x00000000d5a00000)
  to   space 1024K, 0% used [0x00000000d5800000,0x00000000d5800000,0x00000000d5900000)
 ParOldGen       total 1192448K, used 1192112K [0x0000000080000000, 0x00000000c8c80000, 0x00000000d5580000)
  object space 1192448K, 99% used [0x0000000080000000,0x00000000c8c2c108,0x00000000c8c80000)
 Metaspace       used 90407K, committed 92288K, reserved 1179648K
  class space    used 9050K, committed 9920K, reserved 1048576K
}
Event: 2398.953 GC heap before
{Heap before GC invocations=1844 (full 5):
 PSYoungGen      total 3584K, used 2992K [0x00000000d5580000, 0x00000000d5a00000, 0x0000000100000000)
  eden space 2560K, 100% used [0x00000000d5580000,0x00000000d5800000,0x00000000d5800000)
  from space 1024K, 42% used [0x00000000d5900000,0x00000000d596c010,0x00000000d5a00000)
  to   space 1024K, 0% used [0x00000000d5800000,0x00000000d5800000,0x00000000d5900000)
 ParOldGen       total 1192448K, used 1192112K [0x0000000080000000, 0x00000000c8c80000, 0x00000000d5580000)
  object space 1192448K, 99% used [0x0000000080000000,0x00000000c8c2c108,0x00000000c8c80000)
 Metaspace       used 90407K, committed 92288K, reserved 1179648K
  class space    used 9050K, committed 9920K, reserved 1048576K
}
Event: 2398.958 GC heap after
{Heap after GC invocations=1844 (full 5):
 PSYoungGen      total 3584K, used 288K [0x00000000d5580000, 0x00000000d5980000, 0x0000000100000000)
  eden space 2560K, 0% used [0x00000000d5580000,0x00000000d5580000,0x00000000d5800000)
  from space 1024K, 28% used [0x00000000d5800000,0x00000000d5848000,0x00000000d5900000)
  to   space 512K, 0% used [0x00000000d5900000,0x00000000d5900000,0x00000000d5980000)
 ParOldGen       total 1192960K, used 1192470K [0x0000000080000000, 0x00000000c8d00000, 0x00000000d5580000)
  object space 1192960K, 99% used [0x0000000080000000,0x00000000c8c859d8,0x00000000c8d00000)
 Metaspace       used 90407K, committed 92288K, reserved 1179648K
  class space    used 9050K, committed 9920K, reserved 1048576K
}
Event: 2398.984 GC heap before
{Heap before GC invocations=1845 (full 5):
 PSYoungGen      total 3584K, used 2848K [0x00000000d5580000, 0x00000000d5980000, 0x0000000100000000)
  eden space 2560K, 100% used [0x00000000d5580000,0x00000000d5800000,0x00000000d5800000)
  from space 1024K, 28% used [0x00000000d5800000,0x00000000d5848000,0x00000000d5900000)
  to   space 512K, 0% used [0x00000000d5900000,0x00000000d5900000,0x00000000d5980000)
 ParOldGen       total 1192960K, used 1192470K [0x0000000080000000, 0x00000000c8d00000, 0x00000000d5580000)
  object space 1192960K, 99% used [0x0000000080000000,0x00000000c8c859d8,0x00000000c8d00000)
 Metaspace       used 90407K, committed 92288K, reserved 1179648K
  class space    used 9050K, committed 9920K, reserved 1048576K
}
Event: 2399.047 GC heap after
{Heap after GC invocations=1845 (full 5):
 PSYoungGen      total 3584K, used 320K [0x00000000d5580000, 0x00000000d5980000, 0x0000000100000000)
  eden space 3072K, 0% used [0x00000000d5580000,0x00000000d5580000,0x00000000d5880000)
  from space 512K, 62% used [0x00000000d5900000,0x00000000d5950000,0x00000000d5980000)
  to   space 512K, 0% used [0x00000000d5880000,0x00000000d5880000,0x00000000d5900000)
 ParOldGen       total 1192960K, used 1192678K [0x0000000080000000, 0x00000000c8d00000, 0x00000000d5580000)
  object space 1192960K, 99% used [0x0000000080000000,0x00000000c8cb99f8,0x00000000c8d00000)
 Metaspace       used 90407K, committed 92288K, reserved 1179648K
  class space    used 9050K, committed 9920K, reserved 1048576K
}
Event: 2578.577 GC heap before
{Heap before GC invocations=1846 (full 5):
 PSYoungGen      total 3584K, used 3391K [0x00000000d5580000, 0x00000000d5980000, 0x0000000100000000)
  eden space 3072K, 99% used [0x00000000d5580000,0x00000000d587ff70,0x00000000d5880000)
  from space 512K, 62% used [0x00000000d5900000,0x00000000d5950000,0x00000000d5980000)
  to   space 512K, 0% used [0x00000000d5880000,0x00000000d5880000,0x00000000d5900000)
 ParOldGen       total 1192960K, used 1192678K [0x0000000080000000, 0x00000000c8d00000, 0x00000000d5580000)
  object space 1192960K, 99% used [0x0000000080000000,0x00000000c8cb99f8,0x00000000c8d00000)
 Metaspace       used 90411K, committed 92288K, reserved 1179648K
  class space    used 9050K, committed 9920K, reserved 1048576K
}
Event: 2580.353 GC heap after
{Heap after GC invocations=1846 (full 5):
 PSYoungGen      total 3584K, used 494K [0x00000000d5580000, 0x00000000d5b80000, 0x0000000100000000)
  eden space 3072K, 0% used [0x00000000d5580000,0x00000000d5580000,0x00000000d5880000)
  from space 512K, 96% used [0x00000000d5880000,0x00000000d58fbb90,0x00000000d5900000)
  to   space 1024K, 0% used [0x00000000d5a80000,0x00000000d5a80000,0x00000000d5b80000)
 ParOldGen       total 1193472K, used 1192966K [0x0000000080000000, 0x00000000c8d80000, 0x00000000d5580000)
  object space 1193472K, 99% used [0x0000000080000000,0x00000000c8d01a18,0x00000000c8d80000)
 Metaspace       used 90411K, committed 92288K, reserved 1179648K
  class space    used 9050K, committed 9920K, reserved 1048576K
}

